# JRE version: OpenJDK Runtime Environment (17.0.7) (build 17.0.7+0-b2043.56-10550314)
# Java VM: OpenJDK 64-Bit Server VM (17.0.7+0-b2043.56-10550314, mixed mode, tiered, compressed oops, compressed class ptrs, g1 gc, windows-amd64)
GC Precious Log:
 CPUs: 8 total, 8 available
 Memory: 7894M
 Large Page Support: Disabled
 NUMA Support: Disabled
 Compressed Oops: Enabled (32-bit)
 Heap Region Size: 1M
 Heap Min Capacity: 8M
 Heap Initial Capacity: 124M
 Heap Max Capacity: 2G
 Pre-touch: Disabled
 Parallel Workers: 8
 Concurrent Workers: 2
 Concurrent Refinement Workers: 8
 Periodic GC: Disabled
Heap:
 garbage-first heap   total 165888K, used 104579K [0x0000000080000000, 0x0000000100000000)
  region size 1024K, 16 young (16384K), 5 survivors (5120K)
 Metaspace       used 80211K, committed 80960K, reserved 1179648K
  class space    used 10716K, committed 11072K, reserved 1048576K
GC Heap History (20 events):
Event: 13.214 GC heap before
{Heap before GC invocations=31 (full 0):
 garbage-first heap   total 128000K, used 75500K [0x0000000080000000, 0x0000000100000000)
  region size 1024K, 4 young (4096K), 2 survivors (2048K)
 Metaspace       used 56522K, committed 57152K, reserved 1114112K
  class space    used 7599K, committed 7872K, reserved 1048576K
}
Event: 13.216 GC heap after
{Heap after GC invocations=32 (full 0):
 garbage-first heap   total 128000K, used 75535K [0x0000000080000000, 0x0000000100000000)
  region size 1024K, 3 young (3072K), 3 survivors (3072K)
 Metaspace       used 56522K, committed 57152K, reserved 1114112K
  class space    used 7599K, committed 7872K, reserved 1048576K
}
Event: 13.465 GC heap before
{Heap before GC invocations=33 (full 0):
 garbage-first heap   total 132096K, used 80655K [0x0000000080000000, 0x0000000100000000)
  region size 1024K, 9 young (9216K), 3 survivors (3072K)
 Metaspace       used 56852K, committed 57472K, reserved 1114112K
  class space    used 7657K, committed 7936K, reserved 1048576K
}
Event: 13.467 GC heap after
{Heap after GC invocations=34 (full 0):
 garbage-first heap   total 132096K, used 79434K [0x0000000080000000, 0x0000000100000000)
  region size 1024K, 3 young (3072K), 3 survivors (3072K)
 Metaspace       used 56852K, committed 57472K, reserved 1114112K
  class space    used 7657K, committed 7936K, reserved 1048576K
}
Event: 13.961 GC heap before
{Heap before GC invocations=35 (full 0):
 garbage-first heap   total 137216K, used 99914K [0x0000000080000000, 0x0000000100000000)
  region size 1024K, 22 young (22528K), 3 survivors (3072K)
 Metaspace       used 59199K, committed 59840K, reserved 1114112K
  class space    used 7975K, committed 8256K, reserved 1048576K
}
Event: 13.963 GC heap after
{Heap after GC invocations=36 (full 0):
 garbage-first heap   total 137216K, used 81545K [0x0000000080000000, 0x0000000100000000)
  region size 1024K, 2 young (2048K), 2 survivors (2048K)
 Metaspace       used 59199K, committed 59840K, reserved 1114112K
  class space    used 7975K, committed 8256K, reserved 1048576K
}
Event: 14.570 GC heap before
{Heap before GC invocations=36 (full 0):
 garbage-first heap   total 137216K, used 103049K [0x0000000080000000, 0x0000000100000000)
  region size 1024K, 23 young (23552K), 2 survivors (2048K)
 Metaspace       used 62966K, committed 63616K, reserved 1114112K
  class space    used 8367K, committed 8640K, reserved 1048576K
}
Event: 14.573 GC heap after
{Heap after GC invocations=37 (full 0):
 garbage-first heap   total 137216K, used 82403K [0x0000000080000000, 0x0000000100000000)
  region size 1024K, 1 young (1024K), 1 survivors (1024K)
 Metaspace       used 62966K, committed 63616K, reserved 1114112K
  class space    used 8367K, committed 8640K, reserved 1048576K
}
Event: 15.462 GC heap before
{Heap before GC invocations=38 (full 0):
 garbage-first heap   total 140288K, used 104931K [0x0000000080000000, 0x0000000100000000)
  region size 1024K, 23 young (23552K), 1 survivors (1024K)
 Metaspace       used 66555K, committed 67264K, reserved 1114112K
  class space    used 8884K, committed 9216K, reserved 1048576K
}
Event: 15.466 GC heap after
{Heap after GC invocations=39 (full 0):
 garbage-first heap   total 140288K, used 83702K [0x0000000080000000, 0x0000000100000000)
  region size 1024K, 3 young (3072K), 3 survivors (3072K)
 Metaspace       used 66555K, committed 67264K, reserved 1114112K
  class space    used 8884K, committed 9216K, reserved 1048576K
}
Event: 15.676 GC heap before
{Heap before GC invocations=39 (full 0):
 garbage-first heap   total 140288K, used 87798K [0x0000000080000000, 0x0000000100000000)
  region size 1024K, 8 young (8192K), 3 survivors (3072K)
 Metaspace       used 67881K, committed 68608K, reserved 1114112K
  class space    used 9026K, committed 9344K, reserved 1048576K
}
Event: 15.680 GC heap after
{Heap after GC invocations=40 (full 0):
 garbage-first heap   total 140288K, used 84913K [0x0000000080000000, 0x0000000100000000)
  region size 1024K, 3 young (3072K), 3 survivors (3072K)
 Metaspace       used 67881K, committed 68608K, reserved 1114112K
  class space    used 9026K, committed 9344K, reserved 1048576K
}
Event: 16.321 GC heap before
{Heap before GC invocations=41 (full 0):
 garbage-first heap   total 165888K, used 113585K [0x0000000080000000, 0x0000000100000000)
  region size 1024K, 25 young (25600K), 3 survivors (3072K)
 Metaspace       used 69125K, committed 69760K, reserved 1114112K
  class space    used 9189K, committed 9472K, reserved 1048576K
}
Event: 16.326 GC heap after
{Heap after GC invocations=42 (full 0):
 garbage-first heap   total 165888K, used 87205K [0x0000000080000000, 0x0000000100000000)
  region size 1024K, 4 young (4096K), 4 survivors (4096K)
 Metaspace       used 69125K, committed 69760K, reserved 1114112K
  class space    used 9189K, committed 9472K, reserved 1048576K
}
Event: 17.551 GC heap before
{Heap before GC invocations=42 (full 0):
 garbage-first heap   total 165888K, used 122021K [0x0000000080000000, 0x0000000100000000)
  region size 1024K, 38 young (38912K), 4 survivors (4096K)
 Metaspace       used 72624K, committed 73344K, reserved 1114112K
  class space    used 9677K, committed 9984K, reserved 1048576K
}
Event: 17.557 GC heap after
{Heap after GC invocations=43 (full 0):
 garbage-first heap   total 165888K, used 89466K [0x0000000080000000, 0x0000000100000000)
  region size 1024K, 3 young (3072K), 3 survivors (3072K)
 Metaspace       used 72624K, committed 73344K, reserved 1114112K
  class space    used 9677K, committed 9984K, reserved 1048576K
}
Event: 19.103 GC heap before
{Heap before GC invocations=44 (full 0):
 garbage-first heap   total 165888K, used 125306K [0x0000000080000000, 0x0000000100000000)
  region size 1024K, 38 young (38912K), 3 survivors (3072K)
 Metaspace       used 76231K, committed 76864K, reserved 1179648K
  class space    used 10137K, committed 10432K, reserved 1048576K
}
Event: 19.109 GC heap after
{Heap after GC invocations=45 (full 0):
 garbage-first heap   total 165888K, used 91646K [0x0000000080000000, 0x0000000100000000)
  region size 1024K, 5 young (5120K), 5 survivors (5120K)
 Metaspace       used 76231K, committed 76864K, reserved 1179648K
  class space    used 10137K, committed 10432K, reserved 1048576K
}
Event: 19.952 GC heap before
{Heap before GC invocations=45 (full 0):
 garbage-first heap   total 165888K, used 116222K [0x0000000080000000, 0x0000000100000000)
  region size 1024K, 30 young (30720K), 5 survivors (5120K)
 Metaspace       used 79013K, committed 79680K, reserved 1179648K
  class space    used 10514K, committed 10816K, reserved 1048576K
}
Event: 19.958 GC heap after
{Heap after GC invocations=46 (full 0):
 garbage-first heap   total 165888K, used 93315K [0x0000000080000000, 0x0000000100000000)
  region size 1024K, 5 young (5120K), 5 survivors (5120K)
 Metaspace       used 79013K, committed 79680K, reserved 1179648K
  class space    used 10514K, committed 10816K, reserved 1048576K
}

