# JRE version: OpenJDK Runtime Environment (17.0.7) (build 17.0.7+0-b2043.56-10550314)
# Java VM: OpenJDK 64-Bit Server VM (17.0.7+0-b2043.56-10550314, mixed mode, tiered, compressed oops, compressed class ptrs, g1 gc, windows-amd64)
GC Precious Log:
 CPUs: 8 total, 8 available
 Memory: 7894M
 Large Page Support: Disabled
 NUMA Support: Disabled
 Compressed Oops: Enabled (32-bit)
 Heap Region Size: 1M
 Heap Min Capacity: 8M
 Heap Initial Capacity: 124M
 Heap Max Capacity: 2G
 Pre-touch: Disabled
 Parallel Workers: 8
 Concurrent Workers: 2
 Concurrent Refinement Workers: 8
 Periodic GC: Disabled
Heap:
 garbage-first heap   total 150528K, used 65842K [0x0000000080000000, 0x0000000100000000)
  region size 1024K, 11 young (11264K), 9 survivors (9216K)
 Metaspace       used 89652K, committed 90304K, reserved 1179648K
  class space    used 12165K, committed 12480K, reserved 1048576K
GC Heap History (20 events):
Event: 4.523 GC heap before
{Heap before GC invocations=8 (full 0):
 garbage-first heap   total 65536K, used 30067K [0x0000000080000000, 0x0000000100000000)
  region size 1024K, 11 young (11264K), 3 survivors (3072K)
 Metaspace       used 35652K, committed 35968K, reserved 1114112K
  class space    used 4879K, committed 5056K, reserved 1048576K
}
Event: 4.526 GC heap after
{Heap after GC invocations=9 (full 0):
 garbage-first heap   total 65536K, used 23958K [0x0000000080000000, 0x0000000100000000)
  region size 1024K, 3 young (3072K), 3 survivors (3072K)
 Metaspace       used 35652K, committed 35968K, reserved 1114112K
  class space    used 4879K, committed 5056K, reserved 1048576K
}
Event: 5.107 GC heap before
{Heap before GC invocations=10 (full 0):
 garbage-first heap   total 65536K, used 47510K [0x0000000080000000, 0x0000000100000000)
  region size 1024K, 27 young (27648K), 3 survivors (3072K)
 Metaspace       used 40390K, committed 40704K, reserved 1114112K
  class space    used 5359K, committed 5504K, reserved 1048576K
}
Event: 5.113 GC heap after
{Heap after GC invocations=11 (full 0):
 garbage-first heap   total 65536K, used 27444K [0x0000000080000000, 0x0000000100000000)
  region size 1024K, 4 young (4096K), 4 survivors (4096K)
 Metaspace       used 40390K, committed 40704K, reserved 1114112K
  class space    used 5359K, committed 5504K, reserved 1048576K
}
Event: 5.116 GC heap before
{Heap before GC invocations=11 (full 0):
 garbage-first heap   total 65536K, used 28468K [0x0000000080000000, 0x0000000100000000)
  region size 1024K, 5 young (5120K), 4 survivors (4096K)
 Metaspace       used 40390K, committed 40704K, reserved 1114112K
  class space    used 5359K, committed 5504K, reserved 1048576K
}
Event: 5.120 GC heap after
{Heap after GC invocations=12 (full 0):
 garbage-first heap   total 65536K, used 27696K [0x0000000080000000, 0x0000000100000000)
  region size 1024K, 1 young (1024K), 1 survivors (1024K)
 Metaspace       used 40390K, committed 40704K, reserved 1114112K
  class space    used 5359K, committed 5504K, reserved 1048576K
}
Event: 5.430 GC heap before
{Heap before GC invocations=12 (full 0):
 garbage-first heap   total 65536K, used 42032K [0x0000000080000000, 0x0000000100000000)
  region size 1024K, 15 young (15360K), 1 survivors (1024K)
 Metaspace       used 41102K, committed 41408K, reserved 1114112K
  class space    used 5442K, committed 5568K, reserved 1048576K
}
Event: 5.433 GC heap after
{Heap after GC invocations=13 (full 0):
 garbage-first heap   total 150528K, used 30051K [0x0000000080000000, 0x0000000100000000)
  region size 1024K, 2 young (2048K), 2 survivors (2048K)
 Metaspace       used 41102K, committed 41408K, reserved 1114112K
  class space    used 5442K, committed 5568K, reserved 1048576K
}
Event: 13.004 GC heap before
{Heap before GC invocations=13 (full 0):
 garbage-first heap   total 150528K, used 109923K [0x0000000080000000, 0x0000000100000000)
  region size 1024K, 77 young (78848K), 2 survivors (2048K)
 Metaspace       used 49285K, committed 49792K, reserved 1114112K
  class space    used 6558K, committed 6784K, reserved 1048576K
}
Event: 13.011 GC heap after
{Heap after GC invocations=14 (full 0):
 garbage-first heap   total 150528K, used 33413K [0x0000000080000000, 0x0000000100000000)
  region size 1024K, 7 young (7168K), 7 survivors (7168K)
 Metaspace       used 49285K, committed 49792K, reserved 1114112K
  class space    used 6558K, committed 6784K, reserved 1048576K
}
Event: 15.254 GC heap before
{Heap before GC invocations=14 (full 0):
 garbage-first heap   total 150528K, used 116357K [0x0000000080000000, 0x0000000100000000)
  region size 1024K, 84 young (86016K), 7 survivors (7168K)
 Metaspace       used 55187K, committed 55744K, reserved 1114112K
  class space    used 7342K, committed 7552K, reserved 1048576K
}
Event: 15.262 GC heap after
{Heap after GC invocations=15 (full 0):
 garbage-first heap   total 150528K, used 45073K [0x0000000080000000, 0x0000000100000000)
  region size 1024K, 11 young (11264K), 11 survivors (11264K)
 Metaspace       used 55187K, committed 55744K, reserved 1114112K
  class space    used 7342K, committed 7552K, reserved 1048576K
}
Event: 15.737 GC heap before
{Heap before GC invocations=15 (full 0):
 garbage-first heap   total 150528K, used 71697K [0x0000000080000000, 0x0000000100000000)
  region size 1024K, 38 young (38912K), 11 survivors (11264K)
 Metaspace       used 59581K, committed 60096K, reserved 1114112K
  class space    used 7892K, committed 8128K, reserved 1048576K
}
Event: 15.745 GC heap after
{Heap after GC invocations=16 (full 0):
 garbage-first heap   total 150528K, used 47093K [0x0000000080000000, 0x0000000100000000)
  region size 1024K, 2 young (2048K), 2 survivors (2048K)
 Metaspace       used 59581K, committed 60096K, reserved 1114112K
  class space    used 7892K, committed 8128K, reserved 1048576K
}
Event: 18.028 GC heap before
{Heap before GC invocations=17 (full 0):
 garbage-first heap   total 150528K, used 123893K [0x0000000080000000, 0x0000000100000000)
  region size 1024K, 71 young (72704K), 2 survivors (2048K)
 Metaspace       used 68228K, committed 68800K, reserved 1114112K
  class space    used 9006K, committed 9280K, reserved 1048576K
}
Event: 18.037 GC heap after
{Heap after GC invocations=18 (full 0):
 garbage-first heap   total 150528K, used 52280K [0x0000000080000000, 0x0000000100000000)
  region size 1024K, 7 young (7168K), 7 survivors (7168K)
 Metaspace       used 68228K, committed 68800K, reserved 1114112K
  class space    used 9006K, committed 9280K, reserved 1048576K
}
Event: 20.201 GC heap before
{Heap before GC invocations=18 (full 0):
 garbage-first heap   total 150528K, used 117816K [0x0000000080000000, 0x0000000100000000)
  region size 1024K, 71 young (72704K), 7 survivors (7168K)
 Metaspace       used 75206K, committed 75840K, reserved 1179648K
  class space    used 9914K, committed 10240K, reserved 1048576K
}
Event: 20.209 GC heap after
{Heap after GC invocations=19 (full 0):
 garbage-first heap   total 150528K, used 56843K [0x0000000080000000, 0x0000000100000000)
  region size 1024K, 5 young (5120K), 5 survivors (5120K)
 Metaspace       used 75206K, committed 75840K, reserved 1179648K
  class space    used 9914K, committed 10240K, reserved 1048576K
}
Event: 22.221 GC heap before
{Heap before GC invocations=19 (full 0):
 garbage-first heap   total 150528K, used 119307K [0x0000000080000000, 0x0000000100000000)
  region size 1024K, 66 young (67584K), 5 survivors (5120K)
 Metaspace       used 82308K, committed 82880K, reserved 1179648K
  class space    used 11110K, committed 11392K, reserved 1048576K
}
Event: 22.227 GC heap after
{Heap after GC invocations=20 (full 0):
 garbage-first heap   total 150528K, used 59791K [0x0000000080000000, 0x0000000100000000)
  region size 1024K, 8 young (8192K), 8 survivors (8192K)
 Metaspace       used 82308K, committed 82880K, reserved 1179648K
  class space    used 11110K, committed 11392K, reserved 1048576K
}

